{
  "RSpec": {
    "coverage": {
      "/Users/joshuatukman/module2/adopt_dont_shop/config/environment.rb": [
        null,
        1,
        null,
        null,
        1
      ],
      "/Users/joshuatukman/module2/adopt_dont_shop/config/application.rb": [
        1,
        null,
        1,
        null,
        1,
        1,
        1,
        1,
        1,
        1,
        1,
        1,
        null,
        null,
        null,
        null,
        1,
        null,
        1,
        1,
        null,
        1,
        null,
        null,
        null,
        null,
        null,
        null,
        1,
        null,
        null
      ],
      "/Users/joshuatukman/module2/adopt_dont_shop/config/boot.rb": [
        1,
        null,
        1
      ],
      "/Users/joshuatukman/module2/adopt_dont_shop/config/environments/test.rb": [
        1,
        null,
        null,
        null,
        null,
        null,
        null,
        1,
        null,
        null,
        null,
        null,
        1,
        null,
        null,
        1,
        1,
        null,
        null,
        null,
        null,
        1,
        1,
        null,
        null,
        1,
        null,
        null,
        1,
        1,
        null,
        null,
        null,
        null,
        1,
        null,
        null,
        1,
        null,
        null,
        null,
        null
      ],
      "/Users/joshuatukman/module2/adopt_dont_shop/config/initializers/application_controller_renderer.rb": [
        null,
        null,
        null,
        null,
        null,
        null,
        null,
        null
      ],
      "/Users/joshuatukman/module2/adopt_dont_shop/config/initializers/assets.rb": [
        null,
        null,
        null,
        1,
        null,
        null,
        null,
        null,
        1,
        null,
        null,
        null,
        null,
        null
      ],
      "/Users/joshuatukman/module2/adopt_dont_shop/config/initializers/backtrace_silencers.rb": [
        null,
        null,
        null,
        null,
        null,
        null,
        null
      ],
      "/Users/joshuatukman/module2/adopt_dont_shop/config/initializers/cookies_serializer.rb": [
        null,
        null,
        null,
        null,
        1
      ],
      "/Users/joshuatukman/module2/adopt_dont_shop/config/initializers/filter_parameter_logging.rb": [
        null,
        null,
        null,
        1
      ],
      "/Users/joshuatukman/module2/adopt_dont_shop/config/initializers/inflections.rb": [
        null,
        null,
        null,
        null,
        null,
        null,
        null,
        null,
        null,
        null,
        null,
        null,
        null,
        null,
        null,
        null
      ],
      "/Users/joshuatukman/module2/adopt_dont_shop/config/initializers/mime_types.rb": [
        null,
        null,
        null,
        null
      ],
      "/Users/joshuatukman/module2/adopt_dont_shop/config/initializers/wrap_parameters.rb": [
        null,
        null,
        null,
        null,
        null,
        null,
        1,
        2,
        null,
        null,
        null,
        null,
        null,
        null
      ],
      "/Users/joshuatukman/module2/adopt_dont_shop/config/routes.rb": [
        1,
        null,
        1,
        1,
        1,
        1,
        1,
        1,
        1,
        1,
        null,
        1,
        1,
        1,
        1,
        1,
        null,
        1,
        1,
        1,
        null,
        null,
        null,
        null
      ],
      "/Users/joshuatukman/module2/adopt_dont_shop/app/helpers/application_helper.rb": [
        1,
        null
      ],
      "/Users/joshuatukman/module2/adopt_dont_shop/spec/features/pets/user_can_edit_pet_profile_spec.rb": [
        1,
        null,
        1,
        1,
        1,
        null,
        null,
        null,
        null,
        null,
        1,
        null,
        null,
        null,
        null,
        null,
        null,
        1,
        1,
        null,
        1,
        1,
        null,
        1,
        1,
        1,
        1,
        1,
        null,
        1,
        null,
        1,
        1,
        1,
        null,
        null
      ],
      "/Users/joshuatukman/module2/adopt_dont_shop/spec/features/pets/user_can_see_all_pets_in_system_spec.rb": [
        1,
        null,
        1,
        1,
        1,
        null,
        null,
        null,
        null,
        null,
        1,
        null,
        null,
        null,
        null,
        1,
        null,
        1,
        1,
        1,
        1,
        null,
        null,
        null,
        null
      ],
      "/Users/joshuatukman/module2/adopt_dont_shop/spec/features/pets/user_can_see_individual_pet_details_spec.rb": [
        1,
        null,
        1,
        1,
        1,
        null,
        null,
        null,
        null,
        null,
        1,
        null,
        null,
        null,
        null,
        null,
        null,
        1,
        null,
        1,
        1,
        1,
        1,
        1,
        1,
        1,
        null,
        null,
        null,
        null,
        null,
        null,
        null,
        null,
        null,
        null,
        null,
        null
      ],
      "/Users/joshuatukman/module2/adopt_dont_shop/spec/features/shelters/user_can_add_new_pet_for_adoption_at_shelter_spec.rb": [
        1,
        null,
        1,
        1,
        1,
        null,
        null,
        null,
        null,
        1,
        null,
        null,
        null,
        null,
        null,
        1,
        null,
        1,
        null,
        1,
        null,
        1,
        1,
        1,
        1,
        1,
        null,
        1,
        null,
        1,
        null,
        null,
        null,
        null,
        null,
        null,
        null,
        null,
        null,
        null,
        null,
        null,
        null,
        null,
        null,
        null,
        null,
        null,
        null,
        null,
        null,
        null
      ],
      "/Users/joshuatukman/module2/adopt_dont_shop/spec/features/shelters/user_can_click_link_to_shelters_update_page_from_index_page_spec.rb": [
        1,
        null,
        1,
        1,
        1,
        null,
        null,
        null,
        null,
        null,
        1,
        1,
        null,
        1,
        1,
        null,
        1,
        1,
        1,
        1,
        1,
        null,
        1,
        1,
        1,
        1,
        null,
        null,
        null
      ],
      "/Users/joshuatukman/module2/adopt_dont_shop/spec/features/shelters/user_can_create_new_shelter_in_system_spec.rb": [
        1,
        null,
        1,
        1,
        1,
        null,
        null,
        null,
        null,
        null,
        1,
        null,
        1,
        1,
        1,
        null,
        1,
        1,
        1,
        1,
        1,
        null,
        1,
        null,
        1,
        1,
        null,
        null,
        null
      ],
      "/Users/joshuatukman/module2/adopt_dont_shop/spec/features/shelters/user_can_delete_existing_shelter_spec.rb": [
        1,
        null,
        1,
        1,
        1,
        null,
        null,
        null,
        null,
        null,
        1,
        null,
        1,
        null,
        1,
        null,
        1,
        1,
        null,
        null,
        null
      ],
      "/Users/joshuatukman/module2/adopt_dont_shop/spec/features/shelters/user_can_delete_shelter_from_index_page_spec.rb": [
        1,
        null,
        1,
        1,
        1,
        null,
        null,
        null,
        null,
        null,
        1,
        null,
        1,
        null,
        1,
        null,
        1,
        1,
        null,
        null,
        null,
        null,
        null,
        null,
        null,
        null,
        null
      ],
      "/Users/joshuatukman/module2/adopt_dont_shop/spec/features/shelters/user_can_see_all_pets_at_shelter_spec.rb": [
        1,
        null,
        1,
        1,
        1,
        null,
        null,
        null,
        null,
        null,
        1,
        null,
        null,
        null,
        null,
        null,
        1,
        null,
        null,
        null,
        null,
        null,
        1,
        null,
        null,
        null,
        null,
        null,
        1,
        null,
        1,
        1,
        1,
        1,
        1,
        null,
        null
      ],
      "/Users/joshuatukman/module2/adopt_dont_shop/spec/features/shelters/user_can_see_all_shelters_spec.rb": [
        1,
        null,
        1,
        1,
        1,
        null,
        null,
        null,
        null,
        null,
        1,
        null,
        null,
        null,
        null,
        1,
        null,
        1,
        1,
        null,
        null,
        null,
        null
      ],
      "/Users/joshuatukman/module2/adopt_dont_shop/spec/features/shelters/user_can_see_just_one_shelter_with_id_spec.rb": [
        1,
        null,
        1,
        1,
        1,
        null,
        null,
        null,
        null,
        null,
        1,
        null,
        1,
        1,
        1,
        1,
        1,
        null,
        null,
        null
      ],
      "/Users/joshuatukman/module2/adopt_dont_shop/spec/features/shelters/user_can_update_shelter_info_spec.rb": [
        1,
        null,
        1,
        1,
        1,
        null,
        null,
        null,
        null,
        null,
        1,
        1,
        null,
        1,
        1,
        null,
        1,
        1,
        1,
        1,
        1,
        null,
        1,
        1,
        1,
        1,
        null,
        null,
        null,
        null,
        null,
        null,
        null,
        null,
        null,
        null,
        null,
        null,
        null,
        null,
        null,
        null,
        null,
        null,
        null,
        null
      ],
      "/Users/joshuatukman/module2/adopt_dont_shop/spec/models/pet_spec.rb": [
        1,
        null,
        1,
        1,
        2,
        null,
        null,
        null
      ],
      "/Users/joshuatukman/module2/adopt_dont_shop/app/models/pet.rb": [
        1,
        1,
        null
      ],
      "/Users/joshuatukman/module2/adopt_dont_shop/app/models/application_record.rb": [
        1,
        1,
        null
      ],
      "/Users/joshuatukman/module2/adopt_dont_shop/spec/models/shelter_spec.rb": [
        1,
        null,
        1,
        1,
        2,
        null,
        null,
        null
      ],
      "/Users/joshuatukman/module2/adopt_dont_shop/app/models/shelter.rb": [
        1,
        1,
        null
      ],
      "/Users/joshuatukman/module2/adopt_dont_shop/app/controllers/pets_controller.rb": [
        1,
        1,
        2,
        null,
        null,
        1,
        4,
        null,
        null,
        1,
        null,
        null,
        1,
        1,
        null,
        null,
        1,
        1,
        1,
        1,
        null,
        null,
        1,
        1,
        1,
        null,
        null,
        1,
        1,
        1,
        null,
        null
      ],
      "/Users/joshuatukman/module2/adopt_dont_shop/app/controllers/application_controller.rb": [
        1,
        1,
        null
      ],
      "/Users/joshuatukman/module2/adopt_dont_shop/app/controllers/shelter_pets_controller.rb": [
        1,
        1,
        3,
        null,
        null,
        1,
        1,
        null,
        null,
        1,
        1,
        1,
        null,
        null,
        1,
        1,
        2,
        null,
        null
      ],
      "/Users/joshuatukman/module2/adopt_dont_shop/app/controllers/shelters_controller.rb": [
        1,
        1,
        7,
        null,
        null,
        1,
        5,
        null,
        null,
        1,
        null,
        null,
        1,
        1,
        1,
        null,
        null,
        1,
        2,
        2,
        null,
        null,
        1,
        2,
        null,
        null,
        1,
        2,
        2,
        2,
        null,
        null,
        1,
        1,
        3,
        null,
        null,
        null
      ]
    },
    "timestamp": 1584893590
  }
}
